{"level":"info","message":"GET en / - at 7/21/2024 - 2:05:34 PM"}
{"level":"info","message":"GET en / - at 7/21/2024 - 2:05:35 PM"}
{"level":"info","message":"GET en /handlebars/home - at 7/21/2024 - 2:05:42 PM"}
{"level":"info","message":"{\n  \"status\": \"success\",\n  \"payload\": [\n    {\n      \"_id\": \"65ed5a133a890cee080fc502\",\n      \"title\": \"Vestido rojo\",\n      \"description\": \"Vestido color rojo con piedritas plateadas\",\n      \"code\": \"Vr_TH_03\",\n      \"price\": 550,\n      \"status\": true,\n      \"stock\": 0,\n      \"category\": \"vestido\",\n      \"thumbnail\": [\n        \"/VestidoRojo_TH.webp\"\n      ],\n      \"id\": \"65ed5a133a890cee080fc502\"\n    },\n    {\n      \"_id\": \"65ed5a133a890cee080fc503\",\n      \"title\": \"Playera azul\",\n      \"description\": \"Playera tipo polo azul\",\n      \"code\": \"Pa_TH_02\",\n      \"price\": 580,\n      \"status\": true,\n      \"stock\": 0,\n      \"category\": \"playera\",\n      \"thumbnail\": [\n        \"/PlayeraPoloAzul_TH.jpeg\"\n      ],\n      \"id\": \"65ed5a133a890cee080fc503\"\n    },\n    {\n      \"_id\": \"65ed5a133a890cee080fc504\",\n      \"title\": \"Plantalon morado\",\n      \"description\": \"Pantalon de vestir color morado oscuro\",\n      \"code\": \"Pm_CK_03\",\n      \"price\": 480,\n      \"status\": true,\n      \"stock\": 0,\n      \"category\": \"pantalon\",\n      \"thumbnail\": [\n        \"/PantalonMorado_CK.webp\",\n        \"/PantalonLila_CK.jpeg\"\n      ],\n      \"id\": \"65ed5a133a890cee080fc504\"\n    },\n    {\n      \"_id\": \"65ed5a133a890cee080fc505\",\n      \"title\": \"Conjunto beige\",\n      \"description\": \"Pantalon con chaleco de color beige\",\n      \"code\": \"Cb_MK_02\",\n      \"price\": 980,\n      \"status\": true,\n      \"stock\": 0,\n      \"category\": \"conjuntos\",\n      \"thumbnail\": [\n        \"/ConjuntoBeige_MK.jpeg\"\n      ],\n      \"id\": \"65ed5a133a890cee080fc505\"\n    },\n    {\n      \"_id\": \"65ed5a133a890cee080fc506\",\n      \"id\": \"65ed5a133a890cee080fc506\",\n      \"title\": \"Crossbody negra\",\n      \"description\": \"Bolsa cruzada negra con correa\",\n      \"code\": \"BN_SM_02\",\n      \"price\": 1500,\n      \"stock\": 2,\n      \"category\": \"bolsas\",\n      \"thumbnail\": [\n        \"/1708569619747-CrossBodyNegra_SM.avif\"\n      ],\n      \"status\": true\n    }\n  ],\n  \"totalPages\": 4,\n  \"prevPage\": null,\n  \"nextPage\": 2,\n  \"page\": 1,\n  \"hasPrevPage\": false,\n  \"hasNextPage\": true,\n  \"prevLink\": null,\n  \"nextLink\": \"http://localhost:9090/handlebars/home?page=2\"\n}"}
{"level":"info","message":"GET en /css/viewsHandlebars.css - at 7/21/2024 - 2:05:43 PM"}
{"level":"info","message":"GET en /img//VestidoRojo_TH.webp - at 7/21/2024 - 2:05:43 PM"}
{"level":"info","message":"GET en /img//PlayeraPoloAzul_TH.jpeg - at 7/21/2024 - 2:05:43 PM"}
{"level":"info","message":"GET en /img//PantalonMorado_CK.webp - at 7/21/2024 - 2:05:43 PM"}
{"level":"info","message":"GET en /img//PantalonLila_CK.jpeg - at 7/21/2024 - 2:05:43 PM"}
{"level":"info","message":"GET en /img//ConjuntoBeige_MK.jpeg - at 7/21/2024 - 2:05:43 PM"}
{"level":"info","message":"GET en /img/fondoGeneral_PanchoRoss.png - at 7/21/2024 - 2:05:43 PM"}
{"level":"info","message":"GET en /img//1708569619747-CrossBodyNegra_SM.avif - at 7/21/2024 - 2:05:43 PM"}
{"level":"info","message":"GET en /img/footer_PanchoRoss.png - at 7/21/2024 - 2:05:43 PM"}
{"level":"info","message":"GET en /img/logoNegro_PanchoRoss.png - at 7/21/2024 - 2:05:43 PM"}
{"level":"info","message":"GET en /handlebars/home - at 7/21/2024 - 2:10:31 PM"}
{"level":"info","message":"{\n  \"status\": \"success\",\n  \"payload\": [\n    {\n      \"_id\": \"65ed5a133a890cee080fc502\",\n      \"title\": \"Vestido rojo\",\n      \"description\": \"Vestido color rojo con piedritas plateadas\",\n      \"code\": \"Vr_TH_03\",\n      \"price\": 550,\n      \"status\": true,\n      \"stock\": 0,\n      \"category\": \"vestido\",\n      \"thumbnail\": [\n        \"/VestidoRojo_TH.webp\"\n      ],\n      \"id\": \"65ed5a133a890cee080fc502\"\n    },\n    {\n      \"_id\": \"65ed5a133a890cee080fc503\",\n      \"title\": \"Playera azul\",\n      \"description\": \"Playera tipo polo azul\",\n      \"code\": \"Pa_TH_02\",\n      \"price\": 580,\n      \"status\": true,\n      \"stock\": 0,\n      \"category\": \"playera\",\n      \"thumbnail\": [\n        \"/PlayeraPoloAzul_TH.jpeg\"\n      ],\n      \"id\": \"65ed5a133a890cee080fc503\"\n    },\n    {\n      \"_id\": \"65ed5a133a890cee080fc504\",\n      \"title\": \"Plantalon morado\",\n      \"description\": \"Pantalon de vestir color morado oscuro\",\n      \"code\": \"Pm_CK_03\",\n      \"price\": 480,\n      \"status\": true,\n      \"stock\": 0,\n      \"category\": \"pantalon\",\n      \"thumbnail\": [\n        \"/PantalonMorado_CK.webp\",\n        \"/PantalonLila_CK.jpeg\"\n      ],\n      \"id\": \"65ed5a133a890cee080fc504\"\n    },\n    {\n      \"_id\": \"65ed5a133a890cee080fc505\",\n      \"title\": \"Conjunto beige\",\n      \"description\": \"Pantalon con chaleco de color beige\",\n      \"code\": \"Cb_MK_02\",\n      \"price\": 980,\n      \"status\": true,\n      \"stock\": 0,\n      \"category\": \"conjuntos\",\n      \"thumbnail\": [\n        \"/ConjuntoBeige_MK.jpeg\"\n      ],\n      \"id\": \"65ed5a133a890cee080fc505\"\n    },\n    {\n      \"_id\": \"65ed5a133a890cee080fc506\",\n      \"id\": \"65ed5a133a890cee080fc506\",\n      \"title\": \"Crossbody negra\",\n      \"description\": \"Bolsa cruzada negra con correa\",\n      \"code\": \"BN_SM_02\",\n      \"price\": 1500,\n      \"stock\": 2,\n      \"category\": \"bolsas\",\n      \"thumbnail\": [\n        \"/1708569619747-CrossBodyNegra_SM.avif\"\n      ],\n      \"status\": true\n    }\n  ],\n  \"totalPages\": 4,\n  \"prevPage\": null,\n  \"nextPage\": 2,\n  \"page\": 1,\n  \"hasPrevPage\": false,\n  \"hasNextPage\": true,\n  \"prevLink\": null,\n  \"nextLink\": \"http://localhost:9090/handlebars/home?page=2\"\n}"}
{"level":"info","message":"GET en /img//VestidoRojo_TH.webp - at 7/21/2024 - 2:10:32 PM"}
{"level":"info","message":"GET en /img/logoNegro_PanchoRoss.png - at 7/21/2024 - 2:10:32 PM"}
{"level":"info","message":"GET en /css/viewsHandlebars.css - at 7/21/2024 - 2:10:32 PM"}
{"level":"info","message":"GET en /img//PlayeraPoloAzul_TH.jpeg - at 7/21/2024 - 2:10:32 PM"}
{"level":"info","message":"GET en /img//PantalonMorado_CK.webp - at 7/21/2024 - 2:10:32 PM"}
{"level":"info","message":"GET en /img//ConjuntoBeige_MK.jpeg - at 7/21/2024 - 2:10:32 PM"}
{"level":"info","message":"GET en /img//1708569619747-CrossBodyNegra_SM.avif - at 7/21/2024 - 2:10:32 PM"}
{"level":"info","message":"GET en /img/footer_PanchoRoss.png - at 7/21/2024 - 2:10:32 PM"}
{"level":"info","message":"GET en /img//PantalonLila_CK.jpeg - at 7/21/2024 - 2:10:32 PM"}
{"level":"info","message":"GET en /img/fondoGeneral_PanchoRoss.png - at 7/21/2024 - 2:10:32 PM"}
{"level":"info","message":"GET en /users/login - at 7/21/2024 - 2:10:34 PM"}
{"level":"info","message":"GET en /css/viewsSessions.css - at 7/21/2024 - 2:10:34 PM"}
{"level":"info","message":"GET en /js/login.js - at 7/21/2024 - 2:10:34 PM"}
{"level":"info","message":"GET en /img/footer_PanchoRoss.png - at 7/21/2024 - 2:10:35 PM"}
{"level":"info","message":"GET en /github/login - at 7/21/2024 - 2:10:39 PM"}
{"level":"info","message":"GET en /img/GitHub-logo.png - at 7/21/2024 - 2:10:39 PM"}
{"level":"info","message":"GET en /css/viewsSessions.css - at 7/21/2024 - 2:10:39 PM"}
{"level":"info","message":"GET en /img/footer_PanchoRoss.png - at 7/21/2024 - 2:10:39 PM"}
{"level":"info","message":"GET en /api/sessions/github - at 7/21/2024 - 2:10:40 PM"}
{"level":"info","message":"GET en /users/login - at 7/21/2024 - 2:11:11 PM"}
{"level":"info","message":"GET en /css/viewsSessions.css - at 7/21/2024 - 2:11:11 PM"}
{"level":"info","message":"GET en /js/login.js - at 7/21/2024 - 2:11:11 PM"}
{"level":"info","message":"GET en /img/footer_PanchoRoss.png - at 7/21/2024 - 2:11:11 PM"}
{"level":"info","message":"POST en /api/sessions/login - at 7/21/2024 - 2:11:27 PM"}
{"level":"info","message":"Usuario encontrado: {\n  _id: new ObjectId('66938064c4462b730641cc0c'),\n  first_name: 'Itzel',\n  last_name: 'Rivas',\n  email: 'itzelrivas0803@hotmail.com',\n  age: 17,\n  password: '$2b$10$hXMMpmMBSFpANIpuDt5SuueF6h6/fDesjPNoIkY9eQGqJID37YTZ2',\n  cart: new ObjectId('66938064c4462b730641cc09'),\n  role: 'premium',\n  last_connection: 2024-07-21T19:51:03.431Z,\n  documents: [\n    {\n      name: 'profileImage.jpeg',\n      reference: '/Users/itzelcanorivas/Documents/Programacioﾌ］/BackEnd/proyectoFinal/src/public/uploads/profiles/1721019101923.jpeg',\n      _id: new ObjectId('6694aade5cd4ef9433561062')\n    },\n    {\n      name: 'Identificacion.jpeg',\n      reference: '/Users/itzelcanorivas/Documents/Programacioﾌ］/BackEnd/proyectoFinal/src/public/uploads/documents/1721019101924.jpeg',\n      _id: new ObjectId('6694aade5cd4ef9433561063')\n    },\n    {\n      name: 'Comprobante_de_domicilio.jpeg',\n      reference: '/Users/itzelcanorivas/Documents/Programacioﾌ］/BackEnd/proyectoFinal/src/public/uploads/documents/1721019101926.jpeg',\n      _id: new ObjectId('6694aade5cd4ef9433561064')\n    },\n    {\n      name: 'Comprobante_de_estado_de_cuenta.webp',\n      reference: '/Users/itzelcanorivas/Documents/Programacioﾌ］/BackEnd/proyectoFinal/src/public/uploads/documents/1721019222222.webp',\n      _id: new ObjectId('6694ab565cd4ef9433561072')\n    }\n  ],\n  __v: 2\n}"}
{"level":"info","message":"GET en /img/bannerRoles.png - at 7/21/2024 - 2:11:29 PM"}
{"level":"info","message":"GET en /handlebars/products - at 7/21/2024 - 2:11:30 PM"}
{"level":"info","message":"{\n  \"status\": \"success\",\n  \"payload\": [\n    {\n      \"_id\": \"65ed5a133a890cee080fc502\",\n      \"title\": \"Vestido rojo\",\n      \"description\": \"Vestido color rojo con piedritas plateadas\",\n      \"code\": \"Vr_TH_03\",\n      \"price\": 550,\n      \"status\": true,\n      \"stock\": 0,\n      \"category\": \"vestido\",\n      \"thumbnail\": [\n        \"/VestidoRojo_TH.webp\"\n      ],\n      \"id\": \"65ed5a133a890cee080fc502\"\n    },\n    {\n      \"_id\": \"65ed5a133a890cee080fc503\",\n      \"title\": \"Playera azul\",\n      \"description\": \"Playera tipo polo azul\",\n      \"code\": \"Pa_TH_02\",\n      \"price\": 580,\n      \"status\": true,\n      \"stock\": 0,\n      \"category\": \"playera\",\n      \"thumbnail\": [\n        \"/PlayeraPoloAzul_TH.jpeg\"\n      ],\n      \"id\": \"65ed5a133a890cee080fc503\"\n    },\n    {\n      \"_id\": \"65ed5a133a890cee080fc504\",\n      \"title\": \"Plantalon morado\",\n      \"description\": \"Pantalon de vestir color morado oscuro\",\n      \"code\": \"Pm_CK_03\",\n      \"price\": 480,\n      \"status\": true,\n      \"stock\": 0,\n      \"category\": \"pantalon\",\n      \"thumbnail\": [\n        \"/PantalonMorado_CK.webp\",\n        \"/PantalonLila_CK.jpeg\"\n      ],\n      \"id\": \"65ed5a133a890cee080fc504\"\n    },\n    {\n      \"_id\": \"65ed5a133a890cee080fc505\",\n      \"title\": \"Conjunto beige\",\n      \"description\": \"Pantalon con chaleco de color beige\",\n      \"code\": \"Cb_MK_02\",\n      \"price\": 980,\n      \"status\": true,\n      \"stock\": 0,\n      \"category\": \"conjuntos\",\n      \"thumbnail\": [\n        \"/ConjuntoBeige_MK.jpeg\"\n      ],\n      \"id\": \"65ed5a133a890cee080fc505\"\n    },\n    {\n      \"_id\": \"65ed5a133a890cee080fc506\",\n      \"id\": \"65ed5a133a890cee080fc506\",\n      \"title\": \"Crossbody negra\",\n      \"description\": \"Bolsa cruzada negra con correa\",\n      \"code\": \"BN_SM_02\",\n      \"price\": 1500,\n      \"stock\": 2,\n      \"category\": \"bolsas\",\n      \"thumbnail\": [\n        \"/1708569619747-CrossBodyNegra_SM.avif\"\n      ],\n      \"status\": true\n    }\n  ],\n  \"totalPages\": 4,\n  \"prevPage\": null,\n  \"nextPage\": 2,\n  \"page\": 1,\n  \"hasPrevPage\": false,\n  \"hasNextPage\": true,\n  \"prevLink\": null,\n  \"nextLink\": \"http://localhost:9090/handlebars/products?page=2\"\n}"}
{"level":"info","message":"GET en /css/viewsHandlebars.css - at 7/21/2024 - 2:11:31 PM"}
{"level":"info","message":"GET en /js/productsWithButton.js - at 7/21/2024 - 2:11:31 PM"}
{"level":"info","message":"GET en /img//PlayeraPoloAzul_TH.jpeg - at 7/21/2024 - 2:11:31 PM"}
{"level":"info","message":"GET en /img//VestidoRojo_TH.webp - at 7/21/2024 - 2:11:31 PM"}
{"level":"info","message":"GET en /img//1708569619747-CrossBodyNegra_SM.avif - at 7/21/2024 - 2:11:31 PM"}
{"level":"info","message":"GET en /img//PantalonMorado_CK.webp - at 7/21/2024 - 2:11:31 PM"}
{"level":"info","message":"GET en /img//PantalonLila_CK.jpeg - at 7/21/2024 - 2:11:31 PM"}
{"level":"info","message":"GET en /img/footer_PanchoRoss.png - at 7/21/2024 - 2:11:31 PM"}
{"level":"info","message":"GET en /img//ConjuntoBeige_MK.jpeg - at 7/21/2024 - 2:11:31 PM"}
{"level":"info","message":"GET en /img/fondoGeneral_PanchoRoss.png - at 7/21/2024 - 2:11:31 PM"}
